<?xml version="1.0" encoding="UTF-8"?>
<!-- Generated by org.testng.reporters.JUnitReportReporter -->
<testsuite hostname="Soham" failures="0" tests="20" name="com.assessment.automation.shopping_basket.TestsCucumberTestNGRunner" time="0.195" errors="0" timestamp="2025-08-23T03:30:38 BST" skipped="0">
  <testcase classname="com.assessment.automation.shopping_basket.TestsCucumberTestNGRunner" name="runScenario" time="0.004"/>
  <testcase classname="com.assessment.automation.shopping_basket.TestsCucumberTestNGRunner" name="runScenario" time="0.010"/>
  <testcase classname="com.assessment.automation.shopping_basket.TestsCucumberTestNGRunner" name="runScenario" time="0.005"/>
  <testcase classname="com.assessment.automation.shopping_basket.TestsCucumberTestNGRunner" name="runScenario" time="0.004"/>
  <testcase classname="com.assessment.automation.shopping_basket.TestsCucumberTestNGRunner" name="runScenario" time="0.004"/>
  <testcase classname="com.assessment.automation.shopping_basket.TestsCucumberTestNGRunner" name="runScenario" time="0.003"/>
  <testcase classname="com.assessment.automation.shopping_basket.TestsCucumberTestNGRunner" name="runScenario" time="0.003"/>
  <testcase classname="com.assessment.automation.shopping_basket.TestsCucumberTestNGRunner" name="runScenario" time="0.005"/>
  <testcase classname="com.assessment.automation.shopping_basket.TestsCucumberTestNGRunner" name="runScenario" time="0.107"/>
  <testcase classname="com.assessment.automation.shopping_basket.TestsCucumberTestNGRunner" name="runScenario" time="0.004"/>
  <testcase classname="com.assessment.automation.shopping_basket.TestsCucumberTestNGRunner" name="runScenario" time="0.003"/>
  <testcase classname="com.assessment.automation.shopping_basket.TestsCucumberTestNGRunner" name="runScenario" time="0.004"/>
  <testcase classname="com.assessment.automation.shopping_basket.TestsCucumberTestNGRunner" name="runScenario" time="0.004"/>
  <testcase classname="com.assessment.automation.shopping_basket.TestsCucumberTestNGRunner" name="runScenario" time="0.005"/>
  <testcase classname="com.assessment.automation.shopping_basket.TestsCucumberTestNGRunner" name="runScenario" time="0.003"/>
  <testcase classname="com.assessment.automation.shopping_basket.TestsCucumberTestNGRunner" name="runScenario" time="0.010"/>
  <testcase classname="com.assessment.automation.shopping_basket.TestsCucumberTestNGRunner" name="runScenario" time="0.003"/>
  <testcase classname="com.assessment.automation.shopping_basket.TestsCucumberTestNGRunner" name="runScenario" time="0.004"/>
  <testcase classname="com.assessment.automation.shopping_basket.TestsCucumberTestNGRunner" name="runScenario" time="0.006"/>
  <testcase classname="com.assessment.automation.shopping_basket.TestsCucumberTestNGRunner" name="runScenario" time="0.004"/>
</testsuite> <!-- com.assessment.automation.shopping_basket.TestsCucumberTestNGRunner -->
