<?xml version="1.0" encoding="UTF-8"?>
<!-- Generated by org.testng.reporters.JUnitReportReporter -->
<testsuite hostname="Soham" failures="0" tests="20" name="com.assessment.automation.shopping_basket.BDD.TestsCucumberTestNGRunner" time="0.190" errors="0" timestamp="2025-08-23T03:33:40 BST" skipped="0">
  <testcase classname="com.assessment.automation.shopping_basket.BDD.TestsCucumberTestNGRunner" name="runScenario" time="0.004"/>
  <testcase classname="com.assessment.automation.shopping_basket.BDD.TestsCucumberTestNGRunner" name="runScenario" time="0.108"/>
  <testcase classname="com.assessment.automation.shopping_basket.BDD.TestsCucumberTestNGRunner" name="runScenario" time="0.005"/>
  <testcase classname="com.assessment.automation.shopping_basket.BDD.TestsCucumberTestNGRunner" name="runScenario" time="0.009"/>
  <testcase classname="com.assessment.automation.shopping_basket.BDD.TestsCucumberTestNGRunner" name="runScenario" time="0.005"/>
  <testcase classname="com.assessment.automation.shopping_basket.BDD.TestsCucumberTestNGRunner" name="runScenario" time="0.005"/>
  <testcase classname="com.assessment.automation.shopping_basket.BDD.TestsCucumberTestNGRunner" name="runScenario" time="0.003"/>
  <testcase classname="com.assessment.automation.shopping_basket.BDD.TestsCucumberTestNGRunner" name="runScenario" time="0.004"/>
  <testcase classname="com.assessment.automation.shopping_basket.BDD.TestsCucumberTestNGRunner" name="runScenario" time="0.003"/>
  <testcase classname="com.assessment.automation.shopping_basket.BDD.TestsCucumberTestNGRunner" name="runScenario" time="0.010"/>
  <testcase classname="com.assessment.automation.shopping_basket.BDD.TestsCucumberTestNGRunner" name="runScenario" time="0.004"/>
  <testcase classname="com.assessment.automation.shopping_basket.BDD.TestsCucumberTestNGRunner" name="runScenario" time="0.003"/>
  <testcase classname="com.assessment.automation.shopping_basket.BDD.TestsCucumberTestNGRunner" name="runScenario" time="0.003"/>
  <testcase classname="com.assessment.automation.shopping_basket.BDD.TestsCucumberTestNGRunner" name="runScenario" time="0.004"/>
  <testcase classname="com.assessment.automation.shopping_basket.BDD.TestsCucumberTestNGRunner" name="runScenario" time="0.003"/>
  <testcase classname="com.assessment.automation.shopping_basket.BDD.TestsCucumberTestNGRunner" name="runScenario" time="0.004"/>
  <testcase classname="com.assessment.automation.shopping_basket.BDD.TestsCucumberTestNGRunner" name="runScenario" time="0.003"/>
  <testcase classname="com.assessment.automation.shopping_basket.BDD.TestsCucumberTestNGRunner" name="runScenario" time="0.004"/>
  <testcase classname="com.assessment.automation.shopping_basket.BDD.TestsCucumberTestNGRunner" name="runScenario" time="0.003"/>
  <testcase classname="com.assessment.automation.shopping_basket.BDD.TestsCucumberTestNGRunner" name="runScenario" time="0.003"/>
</testsuite> <!-- com.assessment.automation.shopping_basket.BDD.TestsCucumberTestNGRunner -->
