<?xml version="1.0" encoding="UTF-8"?>
<!-- Generated by org.testng.reporters.JUnitReportReporter -->
<testsuite hostname="Soham" failures="0" tests="1" name="com.assessment.automation.shopping_basket.TestsCucumberTestNGRunner" time="0.091" errors="0" timestamp="2025-08-22T23:42:43 BST" skipped="0">
  <testcase classname="com.assessment.automation.shopping_basket.TestsCucumberTestNGRunner" name="runScenario" time="0.091"/>
</testsuite> <!-- com.assessment.automation.shopping_basket.TestsCucumberTestNGRunner -->
